# JRE version: Java(TM) SE Runtime Environment (8.0_111-b14) (build 1.8.0_111-b14)
# Java VM: Java HotSpot(TM) Client VM (25.111-b14 mixed mode, sharing windows-x86 )
Heap:
 def new generation   total 12928K, used 10518K [0x04a00000, 0x05800000, 0x09f50000)
  eden space 11520K,  91% used [0x04a00000, 0x05445a98, 0x05540000)
  from space 1408K,   0% used [0x05540000, 0x05540000, 0x056a0000)
  to   space 1408K,   0% used [0x056a0000, 0x056a0000, 0x05800000)
 tenured generation   total 28556K, used 17072K [0x09f50000, 0x0bb33000, 0x14a00000)
   the space 28556K,  59% used [0x09f50000, 0x0affc208, 0x0affc400, 0x0bb33000)
 Metaspace       used 9602K, capacity 9850K, committed 9984K, reserved 10624K
GC Heap History (10 events):
Event: 101.375 GC heap before
{Heap before GC invocations=121 (full 5):
 def new generation   total 12288K, used 11135K [0x04a00000, 0x05750000, 0x09f50000)
  eden space 10944K, 100% used [0x04a00000, 0x054b0000, 0x054b0000)
  from space 1344K,  14% used [0x05600000, 0x0562fcd8, 0x05750000)
  to   space 1344K,   0% used [0x054b0000, 0x054b0000, 0x05600000)
 tenured generation   total 27208K, used 26092K [0x09f50000, 0x0b9e2000, 0x14a00000)
   the space 27208K,  95% used [0x09f50000, 0x0b8cb0f0, 0x0b8cb200, 0x0b9e2000)
 Metaspace       used 9572K, capacity 9813K, committed 9984K, reserved 10624K
Event: 101.377 GC heap after
Heap after GC invocations=122 (full 5):
 def new generation   total 12288K, used 293K [0x04a00000, 0x05750000, 0x09f50000)
  eden space 10944K,   0% used [0x04a00000, 0x04a00000, 0x054b0000)
  from space 1344K,  21% used [0x054b0000, 0x054f9780, 0x05600000)
  to   space 1344K,   0% used [0x05600000, 0x05600000, 0x05750000)
 tenured generation   total 27208K, used 26092K [0x09f50000, 0x0b9e2000, 0x14a00000)
   the space 27208K,  95% used [0x09f50000, 0x0b8cb0f0, 0x0b8cb200, 0x0b9e2000)
 Metaspace       used 9572K, capacity 9813K, committed 9984K, reserved 10624K
}
Event: 101.608 GC heap before
{Heap before GC invocations=122 (full 5):
 def new generation   total 12288K, used 11237K [0x04a00000, 0x05750000, 0x09f50000)
  eden space 10944K, 100% used [0x04a00000, 0x054b0000, 0x054b0000)
  from space 1344K,  21% used [0x054b0000, 0x054f9780, 0x05600000)
  to   space 1344K,   0% used [0x05600000, 0x05600000, 0x05750000)
 tenured generation   total 27208K, used 26092K [0x09f50000, 0x0b9e2000, 0x14a00000)
   the space 27208K,  95% used [0x09f50000, 0x0b8cb0f0, 0x0b8cb200, 0x0b9e2000)
 Metaspace       used 9574K, capacity 9816K, committed 9984K, reserved 10624K
Event: 101.611 GC heap after
Heap after GC invocations=123 (full 5):
 def new generation   total 12288K, used 313K [0x04a00000, 0x05750000, 0x09f50000)
  eden space 10944K,   0% used [0x04a00000, 0x04a00000, 0x054b0000)
  from space 1344K,  23% used [0x05600000, 0x0564e678, 0x05750000)
  to   space 1344K,   0% used [0x054b0000, 0x054b0000, 0x05600000)
 tenured generation   total 27208K, used 26092K [0x09f50000, 0x0b9e2000, 0x14a00000)
   the space 27208K,  95% used [0x09f50000, 0x0b8cb0f0, 0x0b8cb200, 0x0b9e2000)
 Metaspace       used 9574K, capacity 9816K, committed 9984K, reserved 10624K
}
Event: 102.456 GC heap before
{Heap before GC invocations=123 (full 5):
 def new generation   total 12288K, used 11251K [0x04a00000, 0x05750000, 0x09f50000)
  eden space 10944K,  99% used [0x04a00000, 0x054ae620, 0x054b0000)
  from space 1344K,  23% used [0x05600000, 0x0564e678, 0x05750000)
  to   space 1344K,   0% used [0x054b0000, 0x054b0000, 0x05600000)
 tenured generation   total 27208K, used 26092K [0x09f50000, 0x0b9e2000, 0x14a00000)
   the space 27208K,  95% used [0x09f50000, 0x0b8cb0f0, 0x0b8cb200, 0x0b9e2000)
 Metaspace       used 9574K, capacity 9816K, committed 9984K, reserved 10624K
Event: 102.461 GC heap after
Heap after GC invocations=124 (full 5):
 def new generation   total 12288K, used 799K [0x04a00000, 0x05750000, 0x09f50000)
  eden space 10944K,   0% used [0x04a00000, 0x04a00000, 0x054b0000)
  from space 1344K,  59% used [0x054b0000, 0x05577d78, 0x05600000)
  to   space 1344K,   0% used [0x05600000, 0x05600000, 0x05750000)
 tenured generation   total 27208K, used 26092K [0x09f50000, 0x0b9e2000, 0x14a00000)
   the space 27208K,  95% used [0x09f50000, 0x0b8cb0f0, 0x0b8cb200, 0x0b9e2000)
 Metaspace       used 9574K, capacity 9816K, committed 9984K, reserved 10624K
}
Event: 103.492 GC heap before
{Heap before GC invocations=124 (full 5):
 def new generation   total 12288K, used 11743K [0x04a00000, 0x05750000, 0x09f50000)
  eden space 10944K, 100% used [0x04a00000, 0x054b0000, 0x054b0000)
  from space 1344K,  59% used [0x054b0000, 0x05577d78, 0x05600000)
  to   space 1344K,   0% used [0x05600000, 0x05600000, 0x05750000)
 tenured generation   total 27208K, used 26092K [0x09f50000, 0x0b9e2000, 0x14a00000)
   the space 27208K,  95% used [0x09f50000, 0x0b8cb0f0, 0x0b8cb200, 0x0b9e2000)
 Metaspace       used 9574K, capacity 9816K, committed 9984K, reserved 10624K
Event: 103.497 GC heap after
Heap after GC invocations=125 (full 5):
 def new generation   total 12288K, used 559K [0x04a00000, 0x05750000, 0x09f50000)
  eden space 10944K,   0% used [0x04a00000, 0x04a00000, 0x054b0000)
  from space 1344K,  41% used [0x05600000, 0x0568bf68, 0x05750000)
  to   space 1344K,   0% used [0x054b0000, 0x054b0000, 0x05600000)
 tenured generation   total 27208K, used 26230K [0x09f50000, 0x0b9e2000, 0x14a00000)
   the space 27208K,  96% used [0x09f50000, 0x0b8edb40, 0x0b8edc00, 0x0b9e2000)
 Metaspace       used 9574K, capacity 9816K, committed 9984K, reserved 10624K
}
Event: 103.639 GC heap before
{Heap before GC invocations=125 (full 5):
 def new generation   total 12288K, used 11503K [0x04a00000, 0x05750000, 0x09f50000)
  eden space 10944K, 100% used [0x04a00000, 0x054b0000, 0x054b0000)
  from space 1344K,  41% used [0x05600000, 0x0568bf68, 0x05750000)
  to   space 1344K,   0% used [0x054b0000, 0x054b0000, 0x05600000)
 tenured generation   total 27208K, used 26230K [0x09f50000, 0x0b9e2000, 0x14a00000)
   the space 27208K,  96% used [0x09f50000, 0x0b8edb40, 0x0b8edc00, 0x0b9e2000)
 Metaspace       used 9577K, capacity 9816K, committed 9984K, reserved 10624K
Event: 103.701 GC heap after
Heap after GC invocations=126 (full 6):
 def new generation   total 12928K, used 0K [0x04a00000, 0x05800000, 0x09f50000)
  eden space 11520K,   0% used [0x04a00000, 0x04a00000, 0x05540000)
  from space 1408K,   0% used [0x05540000, 0x05540000, 0x056a0000)
  to   space 1408K,   0% used [0x056a0000, 0x056a0000, 0x05800000)
 tenured generation   total 28556K, used 17072K [0x09f50000, 0x0bb33000, 0x14a00000)
   the space 28556K,  59% used [0x09f50000, 0x0affc208, 0x0affc400, 0x0bb33000)
 Metaspace       used 9577K, capacity 9816K, committed 9984K, reserved 10624K
}

